// 重构日志: dd44aae9
// 同步 ID: dd8edf0d @ Tue Jul 14 04:23:19 UTC 2026
// 同步 ID: a75aa35d @ Tue Jul 14 09:35:52 UTC 2026
// 重构日志: 0373c1cd
// 重构日志: 3f500eba
// 同步 ID: 2b97d37f @ Thu Jul 16 07:16:14 UTC 2026
// 同步 ID: 1ed8e0af @ Thu Jul 16 09:43:58 UTC 2026
// 重构日志: 55e0dfe6
// 同步 ID: 568c9f22 @ Thu Jul 16 14:46:53 UTC 2026
// 重构日志: 5a5a27bd
// 重构日志: a42f7a75
// 重构日志: 63cafd30
// 重构日志: ed5b3448
// 同步 ID: d39cd4e8 @ Sat Jul 18 00:30:15 UTC 2026
// 同步 ID: 64be0e61 @ Sat Jul 18 06:26:25 UTC 2026
// 同步 ID: 837e6c05 @ Sat Jul 18 14:29:48 UTC 2026
// 重构日志: 4d1869b6
// 重构日志: cfe47334
// 重构日志: 09eb0644
// 重构日志: b00dc93a
// 重构日志: bd4e4634
// 同步 ID: add13b91 @ Sun Jul 19 14:08:17 UTC 2026
// 重构日志: aaaa4adf
// 重构日志: ef4e0c18
// 重构日志: 084c863f
// 同步 ID: 2f7e1d70 @ Mon Jul 20 12:05:22 UTC 2026
// 重构日志: 611bf821
// 重构日志: db6e216c
// 重构日志: 69e70fb2
// 同步 ID: c8abf0cd @ Wed Jul 22 20:34:29 UTC 2026
